app/build/outputs/logs/manifest-merger-debug-report.txt
-- Merging decision tree log ---
manifest
ADDED from src\main\AndroidManifest.xml:2:1-109:12
INJECTED from src\main\AndroidManifest.xml:2:1-109:12
INJECTED from src\main\AndroidManifest.xml:2:1-109:12
INJECTED from src\main\AndroidManifest.xml:2:1-109:12
MERGED from [android-gif-drawable-release@1.2.17.aar] AndroidManifest.xml:2:1-10:12
MERGED from [aps-release.aar] AndroidManifest.xml:2:1-15:12
MERGED from [aps-unipush-release.aar] AndroidManifest.xml:2:1-281:12
MERGED from [lib.5plus.base-release.aar] AndroidManifest.xml:2:1-289:12
MERGED from [miit_mdid_1.0.10.aar] AndroidManifest.xml:1:1-10:12
MERGED from [share-weixin-release.aar] AndroidManifest.xml:2:1-11:12
MERGED from [uniapp-release.aar] AndroidManifest.xml:20:1-37:12
MERGED from [com.android.support:multidex:1.0.2] AndroidManifest.xml:17:1-22:12
MERGED from [com.android.support:support-v4:27.1.0] AndroidManifest.xml:17:1-22:12
MERGED from [com.android.support:appcompat-v7:27.1.0] AndroidManifest.xml:17:1-22:12
MERGED from [com.android.support:recyclerview-v7:27.1.0] AndroidManifest.xml:17:1-22:12
MERGED from [com.facebook.fresco:fresco:1.13.0] AndroidManifest.xml:2:1-9:12
MERGED from [com.facebook.fresco:animated-gif:1.13.0] AndroidManifest.xml:2:1-9:12
MERGED from [com.github.bumptech.glide:glide:4.9.0] AndroidManifest.xml:2:1-12:12
MERGED from [:zjw-frontservice] AndroidManifest.xml:2:1-22:12
MERGED from [com.android.support:support-media-compat:27.1.0] AndroidManifest.xml:17:1-22:12
MERGED from [com.android.support:support-fragment:27.1.1] AndroidManifest.xml:17:1-22:12
MERGED from [com.android.support:animated-vector-drawable:27.1.1] AndroidManifest.xml:17:1-22:12
MERGED from [com.android.support:support-core-ui:27.1.1] AndroidManifest.xml:17:1-22:12
MERGED from [com.android.support:support-core-utils:27.1.1] AndroidManifest.xml:17:1-22:12
MERGED from [com.android.support:support-vector-drawable:27.1.1] AndroidManifest.xml:17:1-22:12
MERGED from [com.android.support:support-compat:27.1.1] AndroidManifest.xml:17:1-22:12
MERGED from [com.github.bumptech.glide:gifdecoder:4.9.0] AndroidManifest.xml:2:1-11:12
MERGED from [com.facebook.fresco:animated-base:1.13.0] AndroidManifest.xml:2:1-9:12
MERGED from [com.facebook.fresco:animated-drawable:1.13.0] AndroidManifest.xml:2:1-9:12
MERGED from [com.facebook.fresco:drawee:1.13.0] AndroidManifest.xml:2:1-9:12
MERGED from [com.facebook.fresco:nativeimagefilters:1.13.0] AndroidManifest.xml:2:1-9:12
MERGED from [com.facebook.fresco:imagepipeline:1.13.0] AndroidManifest.xml:2:1-9:12
MERGED from [com.facebook.fresco:nativeimagetranscoder:1.13.0] AndroidManifest.xml:2:1-9:12
MERGED from [com.facebook.fresco:imagepipeline-base:1.13.0] AndroidManifest.xml:2:1-9:12
MERGED from [com.facebook.fresco:fbcore:1.13.0] AndroidManifest.xml:2:1-9:12
MERGED from [com.facebook.soloader:soloader:0.6.0] AndroidManifest.xml:2:1-13:12
MERGED from [android.arch.lifecycle:runtime:1.1.0] AndroidManifest.xml:17:1-22:12
MERGED from [android.arch.lifecycle:livedata-core:1.1.0] AndroidManifest.xml:17:1-22:12
MERGED from [android.arch.core:runtime:1.1.0] AndroidManifest.xml:17:1-22:12
MERGED from [android.arch.lifecycle:viewmodel:1.1.0] AndroidManifest.xml:17:1-22:12
INJECTED from src\main\AndroidManifest.xml:2:1-109:12
INJECTED from src\main\AndroidManifest.xml:2:1-109:12
INJECTED from src\main\AndroidManifest.xml:2:1-109:12
	package
		ADDED from src\main\AndroidManifest.xml:3:5-38
		INJECTED from src\main\AndroidManifest.xml
		INJECTED from src\main\AndroidManifest.xml
	android:versionName
		INJECTED from src\main\AndroidManifest.xml
		ADDED from src\main\AndroidManifest.xml:2:1-109:12
		INJECTED from src\main\AndroidManifest.xml
	android:versionCode
		INJECTED from src\main\AndroidManifest.xml
		ADDED from src\main\AndroidManifest.xml:2:1-109:12
		INJECTED from src\main\AndroidManifest.xml
	xmlns:android
		ADDED from src\main\AndroidManifest.xml:2:11-69
supports-screens
ADDED from src\main\AndroidManifest.xml:5:5-10:39
MERGED from [lib.5plus.base-release.aar] AndroidManifest.xml:9:5-14:39
MERGED from [lib.5plus.base-release.aar] AndroidManifest.xml:9:5-14:39
	android:largeScreens
		ADDED from src\main\AndroidManifest.xml:7:9-36
	android:smallScreens
		ADDED from src\main\AndroidManifest.xml:10:9-36
	android:normalScreens
		ADDED from src\main\AndroidManifest.xml:8:9-37
	android:resizeable
		ADDED from src\main\AndroidManifest.xml:9:9-34
	android:anyDensity
		ADDED from src\main\AndroidManifest.xml:6:9-34
application
ADDED from src\main\AndroidManifest.xml:24:5-107:19
MERGED from [aps-release.aar] AndroidManifest.xml:9:5-13:19
MERGED from [aps-release.aar] AndroidManifest.xml:9:5-13:19
MERGED from [aps-unipush-release.aar] AndroidManifest.xml:54:5-279:19
MERGED from [aps-unipush-release.aar] AndroidManifest.xml:54:5-279:19
MERGED from [lib.5plus.base-release.aar] AndroidManifest.xml:156:5-287:19
MERGED from [lib.5plus.base-release.aar] AndroidManifest.xml:156:5-287:19
MERGED from [share-weixin-release.aar] AndroidManifest.xml:9:5-20
MERGED from [share-weixin-release.aar] AndroidManifest.xml:9:5-20
MERGED from [uniapp-release.aar] AndroidManifest.xml:29:5-35:19
MERGED from [uniapp-release.aar] AndroidManifest.xml:29:5-35:19
MERGED from [com.github.bumptech.glide:glide:4.9.0] AndroidManifest.xml:10:5-20
MERGED from [com.github.bumptech.glide:glide:4.9.0] AndroidManifest.xml:10:5-20
MERGED from [:zjw-frontservice] AndroidManifest.xml:15:5-20:19
MERGED from [:zjw-frontservice] AndroidManifest.xml:15:5-20:19
MERGED from [com.github.bumptech.glide:gifdecoder:4.9.0] AndroidManifest.xml:9:5-20
MERGED from [com.github.bumptech.glide:gifdecoder:4.9.0] AndroidManifest.xml:9:5-20
MERGED from [com.facebook.soloader:soloader:0.6.0] AndroidManifest.xml:11:5-20
MERGED from [com.facebook.soloader:soloader:0.6.0] AndroidManifest.xml:11:5-20
	android:supportsRtl
		ADDED from src\main\AndroidManifest.xml:31:9-35
	android:label
		ADDED from src\main\AndroidManifest.xml:29:9-41
	android:allowClearUserData
		ADDED from src\main\AndroidManifest.xml:27:9-42
	android:largeHeap
		ADDED from src\main\AndroidManifest.xml:30:9-33
	android:icon
		ADDED from src\main\AndroidManifest.xml:28:9-38
	android:allowBackup
		ADDED from src\main\AndroidManifest.xml:26:9-35
	android:usesCleartextTraffic
		ADDED from [aps-unipush-release.aar] AndroidManifest.xml:54:18-53
	android:name
		ADDED from src\main\AndroidManifest.xml:25:9-63
activity#io.dcloud.PandoraEntry
ADDED from src\main\AndroidManifest.xml:56:9-78:20
	android:hardwareAccelerated
		ADDED from src\main\AndroidManifest.xml:60:13-47
	android:windowSoftInputMode
		ADDED from src\main\AndroidManifest.xml:61:13-55
	android:configChanges
		ADDED from src\main\AndroidManifest.xml:59:13-92
	android:theme
		ADDED from src\main\AndroidManifest.xml:58:13-52
	android:name
		ADDED from src\main\AndroidManifest.xml:57:13-50
intent-filter#action:name:android.intent.action.VIEW+category:name:android.intent.category.BROWSABLE+category:name:android.intent.category.DEFAULT+data:scheme:hbuilder
ADDED from src\main\AndroidManifest.xml:62:13-68:29
data
ADDED from src\main\AndroidManifest.xml:63:17-50
	android:scheme
		ADDED from src\main\AndroidManifest.xml:63:23-48
	android:mimeType
		ADDED from src\main\AndroidManifest.xml:70:23-49
action#android.intent.action.VIEW
ADDED from src\main\AndroidManifest.xml:64:17-68
	android:name
		ADDED from src\main\AndroidManifest.xml:64:25-66
category#android.intent.category.DEFAULT
ADDED from src\main\AndroidManifest.xml:66:17-75
	android:name
		ADDED from src\main\AndroidManifest.xml:66:27-73
category#android.intent.category.BROWSABLE
ADDED from src\main\AndroidManifest.xml:67:17-77
	android:name
		ADDED from src\main\AndroidManifest.xml:67:27-75
intent-filter#action:name:android.intent.action.SEND+category:name:android.intent.category.DEFAULT+data:mimeType:image/*
ADDED from src\main\AndroidManifest.xml:69:13-73:29
action#android.intent.action.SEND
ADDED from src\main\AndroidManifest.xml:71:17-68
	android:name
		ADDED from src\main\AndroidManifest.xml:71:25-66
intent-filter#action:name:android.intent.action.MAIN+category:name:android.intent.category.LAUNCHER
ADDED from src\main\AndroidManifest.xml:74:13-77:29
action#android.intent.action.MAIN
ADDED from src\main\AndroidManifest.xml:75:17-68
	android:name
		ADDED from src\main\AndroidManifest.xml:75:25-66
category#android.intent.category.LAUNCHER
ADDED from src\main\AndroidManifest.xml:76:17-76
	android:name
		ADDED from src\main\AndroidManifest.xml:76:27-74
meta-data#dcloud_uninview_background
ADDED from src\main\AndroidManifest.xml:79:9-80:35
	android:value
		ADDED from src\main\AndroidManifest.xml:80:13-33
	android:name
		ADDED from src\main\AndroidManifest.xml:79:20-61
activity#io.dcloud.PandoraEntryActivity
ADDED from src\main\AndroidManifest.xml:82:9-106:20
	android:screenOrientation
		ADDED from src\main\AndroidManifest.xml:88:13-45
	android:launchMode
		ADDED from src\main\AndroidManifest.xml:84:13-44
	android:hardwareAccelerated
		ADDED from src\main\AndroidManifest.xml:86:13-47
	android:windowSoftInputMode
		ADDED from src\main\AndroidManifest.xml:90:13-55
	android:permission
		ADDED from src\main\AndroidManifest.xml:87:13-89
	android:configChanges
		ADDED from src\main\AndroidManifest.xml:85:13-101
	android:theme
		ADDED from src\main\AndroidManifest.xml:89:13-47
	android:name
		ADDED from src\main\AndroidManifest.xml:83:13-58
intent-filter#action:name:android.intent.action.VIEW+category:name:android.intent.category.BROWSABLE+category:name:android.intent.category.DEFAULT+data:scheme:h56131bcf
ADDED from src\main\AndroidManifest.xml:92:13-105:29
uses-sdk
INJECTED from src\main\AndroidManifest.xml reason: use-sdk injection requested
INJECTED from src\main\AndroidManifest.xml
INJECTED from src\main\AndroidManifest.xml
MERGED from [android-gif-drawable-release@1.2.17.aar] AndroidManifest.xml:6:5-8:41
MERGED from [android-gif-drawable-release@1.2.17.aar] AndroidManifest.xml:6:5-8:41
MERGED from [aps-release.aar] AndroidManifest.xml:7:5-44
MERGED from [aps-release.aar] AndroidManifest.xml:7:5-44
MERGED from [lib.5plus.base-release.aar] AndroidManifest.xml:7:5-44
MERGED from [lib.5plus.base-release.aar] AndroidManifest.xml:7:5-44
MERGED from [share-weixin-release.aar] AndroidManifest.xml:7:5-44
MERGED from [share-weixin-release.aar] AndroidManifest.xml:7:5-44
MERGED from [uniapp-release.aar] AndroidManifest.xml:25:5-27:41
MERGED from [uniapp-release.aar] AndroidManifest.xml:25:5-27:41
MERGED from [com.android.support:multidex:1.0.2] AndroidManifest.xml:20:5-43
MERGED from [com.android.support:multidex:1.0.2] AndroidManifest.xml:20:5-43
MERGED from [com.android.support:support-v4:27.1.0] AndroidManifest.xml:20:5-44
MERGED from [com.android.support:support-v4:27.1.0] AndroidManifest.xml:20:5-44
MERGED from [com.android.support:appcompat-v7:27.1.0] AndroidManifest.xml:20:5-44
MERGED from [com.android.support:appcompat-v7:27.1.0] AndroidManifest.xml:20:5-44
MERGED from [com.android.support:recyclerview-v7:27.1.0] AndroidManifest.xml:20:5-44
MERGED from [com.android.support:recyclerview-v7:27.1.0] AndroidManifest.xml:20:5-44
MERGED from [com.facebook.fresco:fresco:1.13.0] AndroidManifest.xml:5:5-7:41
MERGED from [com.facebook.fresco:fresco:1.13.0] AndroidManifest.xml:5:5-7:41
MERGED from [com.facebook.fresco:animated-gif:1.13.0] AndroidManifest.xml:5:5-7:41
MERGED from [com.facebook.fresco:animated-gif:1.13.0] AndroidManifest.xml:5:5-7:41
MERGED from [com.github.bumptech.glide:glide:4.9.0] AndroidManifest.xml:6:5-8:41
MERGED from [com.github.bumptech.glide:glide:4.9.0] AndroidManifest.xml:6:5-8:41
MERGED from [:zjw-frontservice] AndroidManifest.xml:7:5-9:41
MERGED from [:zjw-frontservice] AndroidManifest.xml:7:5-9:41
MERGED from [com.android.support:support-media-compat:27.1.0] AndroidManifest.xml:20:5-44
MERGED from [com.android.support:support-media-compat:27.1.0] AndroidManifest.xml:20:5-44
MERGED from [com.android.support:support-fragment:27.1.1] AndroidManifest.xml:20:5-44
MERGED from [com.android.support:support-fragment:27.1.1] AndroidManifest.xml:20:5-44
MERGED from [com.android.support:animated-vector-drawable:27.1.1] AndroidManifest.xml:20:5-44
MERGED from [com.android.support:animated-vector-drawable:27.1.1] AndroidManifest.xml:20:5-44
MERGED from [com.android.support:support-core-ui:27.1.1] AndroidManifest.xml:20:5-44
MERGED from [com.android.support:support-core-ui:27.1.1] AndroidManifest.xml:20:5-44
MERGED from [com.android.support:support-core-utils:27.1.1] AndroidManifest.xml:20:5-44
MERGED from [com.android.support:support-core-utils:27.1.1] AndroidManifest.xml:20:5-44
MERGED from [com.android.support:support-vector-drawable:27.1.1] AndroidManifest.xml:20:5-44
MERGED from [com.android.support:support-vector-drawable:27.1.1] AndroidManifest.xml:20:5-44
MERGED from [com.android.support:support-compat:27.1.1] AndroidManifest.xml:20:5-44
MERGED from [com.android.support:support-compat:27.1.1] AndroidManifest.xml:20:5-44
MERGED from [com.github.bumptech.glide:gifdecoder:4.9.0] AndroidManifest.xml:5:5-7:41
MERGED from [com.github.bumptech.glide:gifdecoder:4.9.0] AndroidManifest.xml:5:5-7:41
MERGED from [com.facebook.fresco:animated-base:1.13.0] AndroidManifest.xml:5:5-7:41
MERGED from [com.facebook.fresco:animated-base:1.13.0] AndroidManifest.xml:5:5-7:41
MERGED from [com.facebook.fresco:animated-drawable:1.13.0] AndroidManifest.xml:5:5-7:41
MERGED from [com.facebook.fresco:animated-drawable:1.13.0] AndroidManifest.xml:5:5-7:41
MERGED from [com.facebook.fresco:drawee:1.13.0] AndroidManifest.xml:5:5-7:41
MERGED from [com.facebook.fresco:drawee:1.13.0] AndroidManifest.xml:5:5-7:41
MERGED from [com.facebook.fresco:nativeimagefilters:1.13.0] AndroidManifest.xml:5:5-7:41
MERGED from [com.facebook.fresco:nativeimagefilters:1.13.0] AndroidManifest.xml:5:5-7:41
MERGED from [com.facebook.fresco:imagepipeline:1.13.0] AndroidManifest.xml:5:5-7:41
MERGED from [com.facebook.fresco:imagepipeline:1.13.0] AndroidManifest.xml:5:5-7:41
MERGED from [com.facebook.fresco:nativeimagetranscoder:1.13.0] AndroidManifest.xml:5:5-7:41
MERGED from [com.facebook.fresco:nativeimagetranscoder:1.13.0] AndroidManifest.xml:5:5-7:41
MERGED from [com.facebook.fresco:imagepipeline-base:1.13.0] AndroidManifest.xml:5:5-7:41
MERGED from [com.facebook.fresco:imagepipeline-base:1.13.0] AndroidManifest.xml:5:5-7:41
MERGED from [com.facebook.fresco:fbcore:1.13.0] AndroidManifest.xml:5:5-7:41
MERGED from [com.facebook.fresco:fbcore:1.13.0] AndroidManifest.xml:5:5-7:41
MERGED from [com.facebook.soloader:soloader:0.6.0] AndroidManifest.xml:7:5-9:41
MERGED from [com.facebook.soloader:soloader:0.6.0] AndroidManifest.xml:7:5-9:41
MERGED from [android.arch.lifecycle:runtime:1.1.0] AndroidManifest.xml:20:5-44
MERGED from [android.arch.lifecycle:runtime:1.1.0] AndroidManifest.xml:20:5-44
MERGED from [android.arch.lifecycle:livedata-core:1.1.0] AndroidManifest.xml:20:5-44
MERGED from [android.arch.lifecycle:livedata-core:1.1.0] AndroidManifest.xml:20:5-44
MERGED from [android.arch.core:runtime:1.1.0] AndroidManifest.xml:20:5-44
MERGED from [android.arch.core:runtime:1.1.0] AndroidManifest.xml:20:5-44
MERGED from [android.arch.lifecycle:viewmodel:1.1.0] AndroidManifest.xml:20:5-44
MERGED from [android.arch.lifecycle:viewmodel:1.1.0] AndroidManifest.xml:20:5-44
INJECTED from src\main\AndroidManifest.xml
INJECTED from src\main\AndroidManifest.xml
	android:targetSdkVersion
		INJECTED from src\main\AndroidManifest.xml
		ADDED from src\main\AndroidManifest.xml
		INJECTED from src\main\AndroidManifest.xml
	android:minSdkVersion
		INJECTED from src\main\AndroidManifest.xml
		ADDED from src\main\AndroidManifest.xml
		INJECTED from src\main\AndroidManifest.xml
service#io.dcloud.feature.aps.ApsActionService
ADDED from [aps-release.aar] AndroidManifest.xml:10:9-12:40
	android:exported
		ADDED from [aps-release.aar] AndroidManifest.xml:12:13-37
	android:name
		ADDED from [aps-release.aar] AndroidManifest.xml:11:13-66
uses-permission#getui.permission.GetuiService.${applicationId}
ADDED from [aps-unipush-release.aar] AndroidManifest.xml:8:5-86
	android:name
		ADDED from [aps-unipush-release.aar] AndroidManifest.xml:8:22-83
uses-permission#getui.permission.GetuiService.com.map2family.cartrack
ADDED from [aps-unipush-release.aar] AndroidManifest.xml:8:5-86
	android:name
		ADDED from [aps-unipush-release.aar] AndroidManifest.xml:8:22-83
permission#getui.permission.GetuiService.${applicationId}
ADDED from [aps-unipush-release.aar] AndroidManifest.xml:10:5-13:18
	android:protectionLevel
		ADDED from [aps-unipush-release.aar] AndroidManifest.xml:12:9-41
	android:name
		ADDED from [aps-unipush-release.aar] AndroidManifest.xml:11:9-70
permission#getui.permission.GetuiService.com.map2family.cartrack
ADDED from [aps-unipush-release.aar] AndroidManifest.xml:10:5-13:18
	android:protectionLevel
		ADDED from [aps-unipush-release.aar] AndroidManifest.xml:12:9-41
	android:name
		ADDED from [aps-unipush-release.aar] AndroidManifest.xml:11:9-70
uses-permission#android.permission.BROADCAST_PACKAGE_ADDED
ADDED from [aps-unipush-release.aar] AndroidManifest.xml:15:5-82
	android:name
		ADDED from [aps-unipush-release.aar] AndroidManifest.xml:15:22-79
uses-permission#android.permission.BROADCAST_PACKAGE_CHANGED
ADDED from [aps-unipush-release.aar] AndroidManifest.xml:16:5-84
	android:name
		ADDED from [aps-unipush-release.aar] AndroidManifest.xml:16:22-81
uses-permission#android.permission.BROADCAST_PACKAGE_INSTALL
ADDED from [aps-unipush-release.aar] AndroidManifest.xml:17:5-84
	android:name
		ADDED from [aps-unipush-release.aar] AndroidManifest.xml:17:22-81
uses-permission#android.permission.BROADCAST_PACKAGE_REPLACED
ADDED from [aps-unipush-release.aar] AndroidManifest.xml:18:5-85
	android:name
		ADDED from [aps-unipush-release.aar] AndroidManifest.xml:18:22-82
uses-permission#android.permission.RESTART_PACKAGES
ADDED from [aps-unipush-release.aar] AndroidManifest.xml:19:5-75
	android:name
		ADDED from [aps-unipush-release.aar] AndroidManifest.xml:19:22-72
uses-permission#android.permission.CHANGE_NETWORK_STATE
ADDED from [aps-unipush-release.aar] AndroidManifest.xml:20:5-79
	android:name
		ADDED from [aps-unipush-release.aar] AndroidManifest.xml:20:22-76
uses-permission#${applicationId}.permission.MIPUSH_RECEIVE
ADDED from [aps-unipush-release.aar] AndroidManifest.xml:21:5-82
	android:name
		ADDED from [aps-unipush-release.aar] AndroidManifest.xml:21:22-79
uses-permission#com.map2family.cartrack.permission.MIPUSH_RECEIVE
ADDED from [aps-unipush-release.aar] AndroidManifest.xml:21:5-82
	android:name
		ADDED from [aps-unipush-release.aar] AndroidManifest.xml:21:22-79
permission#${applicationId}.permission.MIPUSH_RECEIVE
ADDED from [aps-unipush-release.aar] AndroidManifest.xml:23:5-25:55
	android:protectionLevel
		ADDED from [aps-unipush-release.aar] AndroidManifest.xml:25:9-52
	android:name
		ADDED from [aps-unipush-release.aar] AndroidManifest.xml:24:9-66
permission#com.map2family.cartrack.permission.MIPUSH_RECEIVE
ADDED from [aps-unipush-release.aar] AndroidManifest.xml:23:5-25:55
	android:protectionLevel
		ADDED from [aps-unipush-release.aar] AndroidManifest.xml:25:9-52
	android:name
		ADDED from [aps-unipush-release.aar] AndroidManifest.xml:24:9-66
uses-permission#android.permission.WRITE_SETTINGS
ADDED from [aps-unipush-release.aar] AndroidManifest.xml:28:5-73
	android:name
		ADDED from [aps-unipush-release.aar] AndroidManifest.xml:28:22-70
uses-permission#com.meizu.flyme.push.permission.RECEIVE
ADDED from [aps-unipush-release.aar] AndroidManifest.xml:29:5-79
	android:name
		ADDED from [aps-unipush-release.aar] AndroidManifest.xml:29:22-76
uses-permission#com.meizu.c2dm.permission.RECEIVE
ADDED from [aps-unipush-release.aar] AndroidManifest.xml:30:5-73
	android:name
		ADDED from [aps-unipush-release.aar] AndroidManifest.xml:30:22-70
uses-permission#${applicationId}.push.permission.MESSAGE
ADDED from [aps-unipush-release.aar] AndroidManifest.xml:31:5-80
	android:name
		ADDED from [aps-unipush-release.aar] AndroidManifest.xml:31:22-77
uses-permission#com.map2family.cartrack.push.permission.MESSAGE
ADDED from [aps-unipush-release.aar] AndroidManifest.xml:31:5-80
	android:name
		ADDED from [aps-unipush-release.aar] AndroidManifest.xml:31:22-77
uses-permission#${applicationId}.permission.C2D_MESSAGE
ADDED from [aps-unipush-release.aar] AndroidManifest.xml:32:5-79
	android:name
		ADDED from [aps-unipush-release.aar] AndroidManifest.xml:32:22-76
uses-permission#com.map2family.cartrack.permission.C2D_MESSAGE
ADDED from [aps-unipush-release.aar] AndroidManifest.xml:32:5-79
	android:name
		ADDED from [aps-unipush-release.aar] AndroidManifest.xml:32:22-76
permission#${applicationId}.push.permission.MESSAGE
ADDED from [aps-unipush-release.aar] AndroidManifest.xml:34:5-36:47
	android:protectionLevel
		ADDED from [aps-unipush-release.aar] AndroidManifest.xml:36:9-44
	android:name
		ADDED from [aps-unipush-release.aar] AndroidManifest.xml:35:9-64
permission#com.map2family.cartrack.push.permission.MESSAGE
ADDED from [aps-unipush-release.aar] AndroidManifest.xml:34:5-36:47
	android:protectionLevel
		ADDED from [aps-unipush-release.aar] AndroidManifest.xml:36:9-44
	android:name
		ADDED from [aps-unipush-release.aar] AndroidManifest.xml:35:9-64
permission#${applicationId}.permission.C2D_MESSAGE
ADDED from [aps-unipush-release.aar] AndroidManifest.xml:37:5-39:47
	android:protectionLevel
		ADDED from [aps-unipush-release.aar] AndroidManifest.xml:39:9-44
	android:name
		ADDED from [aps-unipush-release.aar] AndroidManifest.xml:38:9-63
permission#com.map2family.cartrack.permission.C2D_MESSAGE
ADDED from [aps-unipush-release.aar] AndroidManifest.xml:37:5-39:47
	android:protectionLevel
		ADDED from [aps-unipush-release.aar] AndroidManifest.xml:39:9-44
	android:name
		ADDED from [aps-unipush-release.aar] AndroidManifest.xml:38:9-63
uses-permission#android.permission.REQUEST_INSTALL_PACKAGES
ADDED from [aps-unipush-release.aar] AndroidManifest.xml:43:5-83
	android:name
		ADDED from [aps-unipush-release.aar] AndroidManifest.xml:43:22-80
permission#${applicationId}.permission.PROCESS_PUSH_MSG
ADDED from [aps-unipush-release.aar] AndroidManifest.xml:45:5-47:55
	android:protectionLevel
		ADDED from [aps-unipush-release.aar] AndroidManifest.xml:47:9-52
	android:name
		ADDED from [aps-unipush-release.aar] AndroidManifest.xml:46:9-68
permission#com.map2family.cartrack.permission.PROCESS_PUSH_MSG
ADDED from [aps-unipush-release.aar] AndroidManifest.xml:45:5-47:55
	android:protectionLevel
		ADDED from [aps-unipush-release.aar] AndroidManifest.xml:47:9-52
	android:name
		ADDED from [aps-unipush-release.aar] AndroidManifest.xml:46:9-68
uses-permission#${applicationId}.permission.PROCESS_PUSH_MSG
ADDED from [aps-unipush-release.aar] AndroidManifest.xml:49:5-84
	android:name
		ADDED from [aps-unipush-release.aar] AndroidManifest.xml:49:22-81
uses-permission#com.map2family.cartrack.permission.PROCESS_PUSH_MSG
ADDED from [aps-unipush-release.aar] AndroidManifest.xml:49:5-84
	android:name
		ADDED from [aps-unipush-release.aar] AndroidManifest.xml:49:22-81
uses-permission#com.coloros.mcs.permission.RECIEVE_MCS_MESSAGE
ADDED from [aps-unipush-release.aar] AndroidManifest.xml:52:5-86
	android:name
		ADDED from [aps-unipush-release.aar] AndroidManifest.xml:52:22-83
service#io.dcloud.feature.unipush.GTNormalIntentService
ADDED from [aps-unipush-release.aar] AndroidManifest.xml:57:9-83
	android:name
		ADDED from [aps-unipush-release.aar] AndroidManifest.xml:57:18-80
service#com.igexin.sdk.PushService
ADDED from [aps-unipush-release.aar] AndroidManifest.xml:60:9-68:19
	android:process
		ADDED from [aps-unipush-release.aar] AndroidManifest.xml:64:13-43
	android:label
		ADDED from [aps-unipush-release.aar] AndroidManifest.xml:63:13-47
	android:exported
		ADDED from [aps-unipush-release.aar] AndroidManifest.xml:62:13-36
	android:name
		ADDED from [aps-unipush-release.aar] AndroidManifest.xml:61:13-54
intent-filter#action:name:com.igexin.sdk.action.service.message
ADDED from [aps-unipush-release.aar] AndroidManifest.xml:65:13-67:29
action#com.igexin.sdk.action.service.message
ADDED from [aps-unipush-release.aar] AndroidManifest.xml:66:17-80
	android:name
		ADDED from [aps-unipush-release.aar] AndroidManifest.xml:66:25-77
receiver#io.dcloud.feature.unipush.GTNotificationReceiver
ADDED from [aps-unipush-release.aar] AndroidManifest.xml:72:9-80:20
	android:name
		ADDED from [aps-unipush-release.aar] AndroidManifest.xml:72:19-82
intent-filter#action:name:${apk.applicationId}.__CLEAR_NOTIFICATION+action:name:${apk.applicationId}.__CLILK_NOTIFICATION+action:name:${apk.applicationId}.__CREATE_NOTIFICATION+action:name:${apk.applicationId}.__REMOVE_NOTIFICATION+action:name:android.intent.action.BOOT_COMPLETED
ADDED from [aps-unipush-release.aar] AndroidManifest.xml:73:13-79:29
intent-filter#action:name:android.intent.action.BOOT_COMPLETED+action:name:com.map2family.cartrack.__CLEAR_NOTIFICATION+action:name:com.map2family.cartrack.__CLILK_NOTIFICATION+action:name:com.map2family.cartrack.__CREATE_NOTIFICATION+action:name:com.map2family.cartrack.__REMOVE_NOTIFICATION
ADDED from [aps-unipush-release.aar] AndroidManifest.xml:73:13-79:29
action#android.intent.action.BOOT_COMPLETED
ADDED from [aps-unipush-release.aar] AndroidManifest.xml:74:17-79
	android:name
		ADDED from [aps-unipush-release.aar] AndroidManifest.xml:74:25-76
action#${apk.applicationId}.__CREATE_NOTIFICATION
ADDED from [aps-unipush-release.aar] AndroidManifest.xml:75:17-85
	android:name
		ADDED from [aps-unipush-release.aar] AndroidManifest.xml:75:25-82
action#com.map2family.cartrack.__CREATE_NOTIFICATION
ADDED from [aps-unipush-release.aar] AndroidManifest.xml:75:17-85
	android:name
		ADDED from [aps-unipush-release.aar] AndroidManifest.xml:75:25-82
action#${apk.applicationId}.__REMOVE_NOTIFICATION
ADDED from [aps-unipush-release.aar] AndroidManifest.xml:76:17-85
	android:name
		ADDED from [aps-unipush-release.aar] AndroidManifest.xml:76:25-82
action#com.map2family.cartrack.__REMOVE_NOTIFICATION
ADDED from [aps-unipush-release.aar] AndroidManifest.xml:76:17-85
	android:name
		ADDED from [aps-unipush-release.aar] AndroidManifest.xml:76:25-82
action#${apk.applicationId}.__CLEAR_NOTIFICATION
ADDED from [aps-unipush-release.aar] AndroidManifest.xml:77:17-84
	android:name
		ADDED from [aps-unipush-release.aar] AndroidManifest.xml:77:25-81
action#com.map2family.cartrack.__CLEAR_NOTIFICATION
ADDED from [aps-unipush-release.aar] AndroidManifest.xml:77:17-84
	android:name
		ADDED from [aps-unipush-release.aar] AndroidManifest.xml:77:25-81
action#${apk.applicationId}.__CLILK_NOTIFICATION
ADDED from [aps-unipush-release.aar] AndroidManifest.xml:78:17-84
	android:name
		ADDED from [aps-unipush-release.aar] AndroidManifest.xml:78:25-81
action#com.map2family.cartrack.__CLILK_NOTIFICATION
ADDED from [aps-unipush-release.aar] AndroidManifest.xml:78:17-84
	android:name
		ADDED from [aps-unipush-release.aar] AndroidManifest.xml:78:25-81
receiver#com.igexin.sdk.PushReceiver
ADDED from [aps-unipush-release.aar] AndroidManifest.xml:81:9-92:20
	android:name
		ADDED from [aps-unipush-release.aar] AndroidManifest.xml:81:19-61
intent-filter#action:name:android.intent.action.ACTION_POWER_CONNECTED+action:name:android.intent.action.ACTION_POWER_DISCONNECTED+action:name:android.intent.action.BOOT_COMPLETED+action:name:android.intent.action.MEDIA_MOUNTED+action:name:android.intent.action.USER_PRESENT+action:name:android.net.conn.CONNECTIVITY_CHANGE+action:name:com.igexin.sdk.action.refreshls
ADDED from [aps-unipush-release.aar] AndroidManifest.xml:82:13-91:29
action#android.net.conn.CONNECTIVITY_CHANGE
ADDED from [aps-unipush-release.aar] AndroidManifest.xml:84:17-79
	android:name
		ADDED from [aps-unipush-release.aar] AndroidManifest.xml:84:25-76
action#android.intent.action.USER_PRESENT
ADDED from [aps-unipush-release.aar] AndroidManifest.xml:85:17-77
	android:name
		ADDED from [aps-unipush-release.aar] AndroidManifest.xml:85:25-74
action#com.igexin.sdk.action.refreshls
ADDED from [aps-unipush-release.aar] AndroidManifest.xml:86:17-74
	android:name
		ADDED from [aps-unipush-release.aar] AndroidManifest.xml:86:25-71
action#android.intent.action.MEDIA_MOUNTED
ADDED from [aps-unipush-release.aar] AndroidManifest.xml:88:17-78
	android:name
		ADDED from [aps-unipush-release.aar] AndroidManifest.xml:88:25-75
action#android.intent.action.ACTION_POWER_CONNECTED
ADDED from [aps-unipush-release.aar] AndroidManifest.xml:89:17-87
	android:name
		ADDED from [aps-unipush-release.aar] AndroidManifest.xml:89:25-84
action#android.intent.action.ACTION_POWER_DISCONNECTED
ADDED from [aps-unipush-release.aar] AndroidManifest.xml:90:17-90
	android:name
		ADDED from [aps-unipush-release.aar] AndroidManifest.xml:90:25-87
activity#com.igexin.sdk.PushActivity
ADDED from [aps-unipush-release.aar] AndroidManifest.xml:94:9-100:75
	android:process
		ADDED from [aps-unipush-release.aar] AndroidManifest.xml:98:13-43
	android:excludeFromRecents
		ADDED from [aps-unipush-release.aar] AndroidManifest.xml:96:13-46
	android:exported
		ADDED from [aps-unipush-release.aar] AndroidManifest.xml:97:13-37
	android:theme
		ADDED from [aps-unipush-release.aar] AndroidManifest.xml:100:13-72
	android:taskAffinity
		ADDED from [aps-unipush-release.aar] AndroidManifest.xml:99:13-67
	android:name
		ADDED from [aps-unipush-release.aar] AndroidManifest.xml:95:13-55
activity#com.igexin.sdk.GActivity
ADDED from [aps-unipush-release.aar] AndroidManifest.xml:101:9-107:75
	android:process
		ADDED from [aps-unipush-release.aar] AndroidManifest.xml:105:13-43
	android:excludeFromRecents
		ADDED from [aps-unipush-release.aar] AndroidManifest.xml:103:13-46
	android:exported
		ADDED from [aps-unipush-release.aar] AndroidManifest.xml:104:13-36
	android:theme
		ADDED from [aps-unipush-release.aar] AndroidManifest.xml:107:13-72
	android:taskAffinity
		ADDED from [aps-unipush-release.aar] AndroidManifest.xml:106:13-67
	android:name
		ADDED from [aps-unipush-release.aar] AndroidManifest.xml:102:13-52